# JRE version: Java(TM) SE Runtime Environment (8.0_31-b13) (build 1.8.0_31-b13)
# Java VM: Java HotSpot(TM) 64-Bit Server VM (25.31-b07 mixed mode linux-amd64 compressed oops)
Heap:
 PSYoungGen      total 301568K, used 59437K [0x00000000e1580000, 0x00000000fdf80000, 0x0000000100000000)
  eden space 144384K, 0% used [0x00000000e1580000,0x00000000e1580000,0x00000000ea280000)
  from space 157184K, 37% used [0x00000000f4600000,0x00000000f800b5b8,0x00000000fdf80000)
  to   space 162304K, 0% used [0x00000000ea280000,0x00000000ea280000,0x00000000f4100000)
 ParOldGen       total 355840K, used 355719K [0x00000000a4000000, 0x00000000b9b80000, 0x00000000e1580000)
  object space 355840K, 99% used [0x00000000a4000000,0x00000000b9b61c78,0x00000000b9b80000)
 Metaspace       used 9056K, capacity 9168K, committed 9472K, reserved 1056768K
  class space    used 1171K, capacity 1200K, committed 1280K, reserved 1048576K
GC Heap History (10 events):
Event: 37.929 GC heap after
Heap after GC invocations=71 (full 5):
 PSYoungGen      total 256000K, used 121175K [0x00000000e1580000, 0x00000000fc500000, 0x0000000100000000)
  eden space 118272K, 0% used [0x00000000e1580000,0x00000000e1580000,0x00000000e8900000)
  from space 137728K, 87% used [0x00000000f1f00000,0x00000000f9555f90,0x00000000fa580000)
  to   space 153600K, 0% used [0x00000000e8900000,0x00000000e8900000,0x00000000f1f00000)
 ParOldGen       total 355840K, used 267374K [0x00000000a4000000, 0x00000000b9b80000, 0x00000000e1580000)
  object space 355840K, 75% used [0x00000000a4000000,0x00000000b451b9e0,0x00000000b9b80000)
 Metaspace       used 9056K, capacity 9168K, committed 9472K, reserved 1056768K
  class space    used 1171K, capacity 1200K, committed 1280K, reserved 1048576K
}
Event: 38.258 GC heap before
{Heap before GC invocations=72 (full 5):
 PSYoungGen      total 256000K, used 239447K [0x00000000e1580000, 0x00000000fc500000, 0x0000000100000000)
  eden space 118272K, 100% used [0x00000000e1580000,0x00000000e8900000,0x00000000e8900000)
  from space 137728K, 87% used [0x00000000f1f00000,0x00000000f9555f90,0x00000000fa580000)
  to   space 153600K, 0% used [0x00000000e8900000,0x00000000e8900000,0x00000000f1f00000)
 ParOldGen       total 355840K, used 267374K [0x00000000a4000000, 0x00000000b9b80000, 0x00000000e1580000)
  object space 355840K, 75% used [0x00000000a4000000,0x00000000b451b9e0,0x00000000b9b80000)
 Metaspace       used 9056K, capacity 9168K, committed 9472K, reserved 1056768K
  class space    used 1171K, capacity 1200K, committed 1280K, reserved 1048576K
Event: 38.374 GC heap after
Heap after GC invocations=72 (full 5):
 PSYoungGen      total 271872K, used 120727K [0x00000000e1580000, 0x00000000fd900000, 0x0000000100000000)
  eden space 118272K, 0% used [0x00000000e1580000,0x00000000e1580000,0x00000000e8900000)
  from space 153600K, 78% used [0x00000000e8900000,0x00000000efee5f90,0x00000000f1f00000)
  to   space 165376K, 0% used [0x00000000f3780000,0x00000000f3780000,0x00000000fd900000)
 ParOldGen       total 355840K, used 272950K [0x00000000a4000000, 0x00000000b9b80000, 0x00000000e1580000)
  object space 355840K, 76% used [0x00000000a4000000,0x00000000b4a8d9e0,0x00000000b9b80000)
 Metaspace       used 9056K, capacity 9168K, committed 9472K, reserved 1056768K
  class space    used 1171K, capacity 1200K, committed 1280K, reserved 1048576K
}
Event: 38.722 GC heap before
{Heap before GC invocations=73 (full 5):
 PSYoungGen      total 271872K, used 238999K [0x00000000e1580000, 0x00000000fd900000, 0x0000000100000000)
  eden space 118272K, 100% used [0x00000000e1580000,0x00000000e8900000,0x00000000e8900000)
  from space 153600K, 78% used [0x00000000e8900000,0x00000000efee5f90,0x00000000f1f00000)
  to   space 165376K, 0% used [0x00000000f3780000,0x00000000f3780000,0x00000000fd900000)
 ParOldGen       total 355840K, used 272950K [0x00000000a4000000, 0x00000000b9b80000, 0x00000000e1580000)
  object space 355840K, 76% used [0x00000000a4000000,0x00000000b4a8d9e0,0x00000000b9b80000)
 Metaspace       used 9056K, capacity 9168K, committed 9472K, reserved 1056768K
  class space    used 1171K, capacity 1200K, committed 1280K, reserved 1048576K
Event: 38.839 GC heap after
Heap after GC invocations=73 (full 5):
 PSYoungGen      total 294912K, used 104246K [0x00000000e1580000, 0x00000000fdd00000, 0x0000000100000000)
  eden space 129536K, 0% used [0x00000000e1580000,0x00000000e1580000,0x00000000e9400000)
  from space 165376K, 63% used [0x00000000f3780000,0x00000000f9d4d938,0x00000000fd900000)
  to   space 167424K, 0% used [0x00000000e9400000,0x00000000e9400000,0x00000000f3780000)
 ParOldGen       total 355840K, used 298376K [0x00000000a4000000, 0x00000000b9b80000, 0x00000000e1580000)
  object space 355840K, 83% used [0x00000000a4000000,0x00000000b6362038,0x00000000b9b80000)
 Metaspace       used 9056K, capacity 9168K, committed 9472K, reserved 1056768K
  class space    used 1171K, capacity 1200K, committed 1280K, reserved 1048576K
}
Event: 39.273 GC heap before
{Heap before GC invocations=74 (full 5):
 PSYoungGen      total 294912K, used 233782K [0x00000000e1580000, 0x00000000fdd00000, 0x0000000100000000)
  eden space 129536K, 100% used [0x00000000e1580000,0x00000000e9400000,0x00000000e9400000)
  from space 165376K, 63% used [0x00000000f3780000,0x00000000f9d4d938,0x00000000fd900000)
  to   space 167424K, 0% used [0x00000000e9400000,0x00000000e9400000,0x00000000f3780000)
 ParOldGen       total 355840K, used 298376K [0x00000000a4000000, 0x00000000b9b80000, 0x00000000e1580000)
  object space 355840K, 83% used [0x00000000a4000000,0x00000000b6362038,0x00000000b9b80000)
 Metaspace       used 9056K, capacity 9168K, committed 9472K, reserved 1056768K
  class space    used 1171K, capacity 1200K, committed 1280K, reserved 1048576K
Event: 39.409 GC heap after
Heap after GC invocations=74 (full 5):
 PSYoungGen      total 296960K, used 96355K [0x00000000e1580000, 0x00000000fe980000, 0x0000000100000000)
  eden space 129536K, 0% used [0x00000000e1580000,0x00000000e1580000,0x00000000e9400000)
  from space 167424K, 57% used [0x00000000e9400000,0x00000000ef218e28,0x00000000f3780000)
  to   space 167424K, 0% used [0x00000000f4600000,0x00000000f4600000,0x00000000fe980000)
 ParOldGen       total 355840K, used 319633K [0x00000000a4000000, 0x00000000b9b80000, 0x00000000e1580000)
  object space 355840K, 89% used [0x00000000a4000000,0x00000000b7824700,0x00000000b9b80000)
 Metaspace       used 9056K, capacity 9168K, committed 9472K, reserved 1056768K
  class space    used 1171K, capacity 1200K, committed 1280K, reserved 1048576K
}
Event: 39.797 GC heap before
{Heap before GC invocations=75 (full 5):
 PSYoungGen      total 296960K, used 225891K [0x00000000e1580000, 0x00000000fe980000, 0x0000000100000000)
  eden space 129536K, 100% used [0x00000000e1580000,0x00000000e9400000,0x00000000e9400000)
  from space 167424K, 57% used [0x00000000e9400000,0x00000000ef218e28,0x00000000f3780000)
  to   space 167424K, 0% used [0x00000000f4600000,0x00000000f4600000,0x00000000fe980000)
 ParOldGen       total 355840K, used 319633K [0x00000000a4000000, 0x00000000b9b80000, 0x00000000e1580000)
  object space 355840K, 89% used [0x00000000a4000000,0x00000000b7824700,0x00000000b9b80000)
 Metaspace       used 9056K, capacity 9168K, committed 9472K, reserved 1056768K
  class space    used 1171K, capacity 1200K, committed 1280K, reserved 1048576K
Event: 39.919 GC heap after
Heap after GC invocations=75 (full 5):
 PSYoungGen      total 301568K, used 84739K [0x00000000e1580000, 0x00000000fdf80000, 0x0000000100000000)
  eden space 144384K, 0% used [0x00000000e1580000,0x00000000e1580000,0x00000000ea280000)
  from space 157184K, 53% used [0x00000000f4600000,0x00000000f98c0e28,0x00000000fdf80000)
  to   space 162304K, 0% used [0x00000000ea280000,0x00000000ea280000,0x00000000f4100000)
 ParOldGen       total 355840K, used 342161K [0x00000000a4000000, 0x00000000b9b80000, 0x00000000e1580000)
  object space 355840K, 96% used [0x00000000a4000000,0x00000000b8e24700,0x00000000b9b80000)
 Metaspace       used 9056K, capacity 9168K, committed 9472K, reserved 1056768K
  class space    used 1171K, capacity 1200K, committed 1280K, reserved 1048576K
}
Event: 39.919 GC heap before
{Heap before GC invocations=76 (full 6):
 PSYoungGen      total 301568K, used 84739K [0x00000000e1580000, 0x00000000fdf80000, 0x0000000100000000)
  eden space 144384K, 0% used [0x00000000e1580000,0x00000000e1580000,0x00000000ea280000)
  from space 157184K, 53% used [0x00000000f4600000,0x00000000f98c0e28,0x00000000fdf80000)
  to   space 162304K, 0% used [0x00000000ea280000,0x00000000ea280000,0x00000000f4100000)
 ParOldGen       total 355840K, used 342161K [0x00000000a4000000, 0x00000000b9b80000, 0x00000000e1580000)
  object space 355840K, 96% used [0x00000000a4000000,0x00000000b8e24700,0x00000000b9b80000)
 Metaspace       used 9056K, capacity 9168K, committed 9472K, reserved 1056768K
  class space    used 1171K, capacity 1200K, committed 1280K, reserved 1048576K

